Log started at 11.05.2024	22:48:34
Number of used processors (NPROC): 12.
Number of mesh partitions (NPART): 12.
Total Physical Memory = 15.71 Gb, Available Physical Memory = 7.69 Gb
Computer name:	DESKTOP-28OKAI5
Operating system:	Windows 10 (Version 10.0.19045)

Commandline:	"D:\Solid D\SOLIDWORKS Flow Simulation\BINCFW\efdsolver.exe" /config:"D:\Yandex\YandexDisk\Ro_Tech\4. Отдел ДУ\2. Конструкторская документация\Определение расхода\1\1.xmlconfig" /guid:72c1f936-c02c-4d2c-92a6-f3ec28ee6d76 /processors:max /m /s /prjnamelm:"Flow Simulation 2023" /prjnamehabout:"Flow Simulation 2023" /companyname:"COSMOS Applications" /prjaliasid:1009 /lang:russian /port:62231

SOLIDWORKS 2023 SP4.0
Flow Simulation 2023  x64 / 6071

Project: D:\Yandex\YandexDisk\Ro_Tech\4. Отдел ДУ\2. Конструкторская документация\Определение расхода\1\1.xmlconfig
Configuration name: Default
Project name: Проект(1)
Problem type: internal-type
Exclude cavities without flow conditions: ON
NGK: OFF
MBO: OFF
-----------------------------------------------------------------------
Mesher option run = eRunMesherNormal
-----------------------------------------------------------------------

Mesh generation started:	11.5.2024	22:48:34
-----------------------------------------------------------------------
Memory Working Set Current = 17.58 Mb, Memory Working Set Peak = 17.58 Mb
Memory Private Bytes Current = 17.33 Mb, Memory Private Bytes Peak = 17.33 Mb
Process Threads Number: 7
-----------------------------------------------------------------------
Mesher adjust APD = OFF; AdjustAPD_method=0; N_per_Channel = 0; N2_per_Channel = 0
Current CPU = 0 sec
-----------------------------------------------------------------------
Geometries initialization:
-----------------------------------------------------------------------
Loading mesh settings (global/local)...
-----------------------------------------------------------------------
Number of geometries from DB: 1
Geometry(0):
	Guid = {00000000-0000-0000-0000-000000000000}
	Fluid..
	1 Body.
	1 Real body.
	-- Bodyset 0 --
		Tolerance=5e-05.
		34 Face(s).
			34 of b-spline type.
		0 Face(s) that have no ref faces
		21 Plane surface(s).
		12 Cylinder surface(s).
		1 Torus surface(s).
		2108 Triangle(s).
		Getting triangle connectivities from DB: 0.000 s
		58 Edge(s).
			58 of b-spline type.
		BodyGeom reading: 0.006 s.
		1584 Reference Triangles.
		Getting triangle connectivities from DB (Ref): 0.000 s
		BodyGeom Ref reading: 0.000 s.
Geometry(1):
	Solid.
	-- Bodyset 1 --
	Empty
-----------------------------------------------------------------------
Number of geometries in task: 2
	G : 0	Type: Fluid
	G : 1	Type: Solid
Number of bodysets   in task: 2
-----------------------------------------------------------------------
BodySet (0):
	Making hash and connectivity for Bodyset ...
		CBodyGeom:
		Hash size: {12, 12, 84}.
		Mesh size: {6, 6, 84}.
		Hashing triangles...Ok.
			axis(0) tr sizes: average=15 max=480
			axis(1) tr sizes: average=15 max=467
			axis(2) tr sizes: average=38 max=789
		Number of t-connected sets:2 (cavity=1)
		CBodyGeomRef:
		Hashing triangles...Ok.
			axis(0) tr sizes: average=43 max=492
			axis(1) tr sizes: average=43 max=475
			axis(2) tr sizes: average=81 max=721
	0.00326 s.
Geometries reading and preparing has taken 0.011 s.
-----------------------------------------------------------------------
Mapped triangles:
Hashing rough geometry(bodies) triangulation:
BodySet (0):
	Triangles num=2108
	Triangles box={-0.0471882 ,0.0471882 ,-0.0471882 ,0.0471882 ,-1.03576 ,0.348759}
		3d-hash size is 61692 bytes
BodySet (1):
no log info (empty stream)

Hashing peculiar surfaces triangles:
Surface triangles (0):
	Triangles num=88
	Triangles box={-0.047 ,0.047 ,-0.047 ,0.047 ,0.003 ,0.353}
		3d-hash size is 21248 bytes
Surface triangles (1):
	Triangles num=56
	Triangles box={-0.047 ,0.047 ,-0.047 ,0.047 ,0.003 ,0.003}
		3d-hash size is 13064 bytes
Surface triangles (2):
	Triangles num=90
	Triangles box={-0.0483293 ,0.0483294 ,-0.0483293 ,0.0483291 ,0.345998 ,0.345998}
		3d-hash size is 14100 bytes
Surface triangles (3):
	Triangles num=24
	Triangles box={-0.00205657 ,0.00205381 ,-0.00204815 ,0.00205493 ,-1.033 ,-1.033}
		3d-hash size is 12296 bytes

Mapped triangles processed in 0.004 s.
-----------------------------------------------------------------------
-----------------------------------------------------------------------
Getting sectors:
Number of sectors: 0
-----------------------------------------------------------------------
-----------------------------------------------------------------------
Bodies:     2
Faces:      34
Edges:      58
Triangles:  2108
-----------------------------------------------------------------------

Current CPU = 0 sec
-----------------------------------------------------------------------
Memory Working Set Current = 24.65 Mb, Memory Working Set Peak = 25.01 Mb
Memory Private Bytes Current = 22.76 Mb, Memory Private Bytes Peak = 23.07 Mb
Process Threads Number: 18
-----------------------------------------------------------------------
-----------------------------------------------------------------------
Checking faces on CD...
FCD = [0 0 0 0 0 0]
FCD_conflicts = 0
Time (check faces on CD)=0.000 s
-----------------------------------------------------------------------

-----------------------------------------------------------------------
Mesh dimensions:
				I[0 ]=6
				I[1 ]=6
				I[2 ]=84

Comp. domain size:
				a[0  ]=-0.047094
				a[1  ]=0.047094
				a[2  ]=-0.047094
				a[3  ]=0.047094
				a[4  ]=-1.03438
				a[5  ]=0.347377

Fluid calculated			1
Solid calculated			0
-----------------------------------------------------------------------
MESH Build started...
-----------------------------------------------------------------------
Mesh LEVEL = 4
-----------------------------------------------------------------------
-----------------------------------------------------------------------
CPT-mode xeps:
	D / dh / eps [axis=0] = (0.094188, 0.000980817, 9.80817e-07)
	D / dh / eps [axis=1] = (0.094188, 0.000980858, 9.80858e-07)
	D / dh / eps [axis=2] = (1.38175, 0.00102785, 1.02785e-06)
-----------------------------------------------------------------------
Initial allocation and brick-body-box intersection...OK (0.000 s)
Initial triangle brick intersection...OK (0.000 s)
Setting regions (3024 / 3024)...OK (0.000 s)
-----------------------------------------------------------------------
Base mesh info:
	3D task
	Nx=6
	Ny=6
	Nz=84
	N(Nx*Ny*Nz) = 36
	Period    axis=[0, 0, 0]
	Symmetry  ni=[0 0 0 0 0 0]
	ZoomingBC ni=[0 0 0 0 0 0]
	Nx=6
		x[0]=-0.047094
		x[1]=-0.0313911
		x[2]=-0.0156931
		x[3]=4.93012e-06
		x[4]=0.0157029
		x[5]=0.0314009
		x[6]=0.047094
	Ny=6
		y[0]=-0.047094
		y[1]=-0.0313917
		y[2]=-0.0156937
		y[3]=4.266e-06
		y[4]=0.0157023
		y[5]=0.0314003
		y[6]=0.047094
	Nz=84
		z[0]=-1.03438
		z[1]=-1.01792
		z[2]=-1.00147
		z[3]=-0.985025
		z[4]=-0.968576
		z[5]=-0.952126
		z[6]=-0.935677
		z[7]=-0.919227
		z[8]=-0.902778
		z[9]=-0.886328
		z[10]=-0.869879
		z[11]=-0.853429
		z[12]=-0.83698
		z[13]=-0.82053
		z[14]=-0.804081
		z[15]=-0.787632
		z[16]=-0.771182
		z[17]=-0.754733
		z[18]=-0.738283
		z[19]=-0.721834
		z[20]=-0.705384
		z[21]=-0.688935
		z[22]=-0.672485
		z[23]=-0.656036
		z[24]=-0.639586
		z[25]=-0.623137
		z[26]=-0.606688
		z[27]=-0.590238
		z[28]=-0.573789
		z[29]=-0.557339
		z[30]=-0.54089
		z[31]=-0.52444
		z[32]=-0.507991
		z[33]=-0.491541
		z[34]=-0.475092
		z[35]=-0.458642
		z[36]=-0.442193
		z[37]=-0.425743
		z[38]=-0.409294
		z[39]=-0.392845
		z[40]=-0.376395
		z[41]=-0.359946
		z[42]=-0.343496
		z[43]=-0.327047
		z[44]=-0.310597
		z[45]=-0.294148
		z[46]=-0.277698
		z[47]=-0.261249
		z[48]=-0.244799
		z[49]=-0.22835
		z[50]=-0.211901
		z[51]=-0.195451
		z[52]=-0.179002
		z[53]=-0.162552
		z[54]=-0.146103
		z[55]=-0.129653
		z[56]=-0.113204
		z[57]=-0.0967544
		z[58]=-0.0803049
		z[59]=-0.0638554
		z[60]=-0.047406
		z[61]=-0.0309565
		z[62]=-0.0145071
		z[63]=0.00194238
		z[64]=0.0183918
		z[65]=0.0348413
		z[66]=0.0512908
		z[67]=0.0677402
		z[68]=0.0841897
		z[69]=0.100639
		z[70]=0.117089
		z[71]=0.133538
		z[72]=0.149987
		z[73]=0.166437
		z[74]=0.182886
		z[75]=0.199336
		z[76]=0.215785
		z[77]=0.232235
		z[78]=0.248684
		z[79]=0.265134
		z[80]=0.281583
		z[81]=0.298033
		z[82]=0.314482
		z[83]=0.330932
		z[84]=0.347377
-----------------------------------------------------------------------
Input_mesh_settings--------------------------------
Settings 0----------------
	Scope: GLOBAL
	Type:	------MESHER_SETTINGS----------
	RefAllCells           =0
	RefFluidCells         =0
	RefPartCells          =0
	RefSolidCells         =0
	l_SSFR(Capture crit)  =3
	l_curv(Curvature crit)=0
	l_tol(Tolerance crit) =4
	  k_tol               =0.00104064
	UseChannelRef         =1
	  NCR_method          =0
	  l_NCR               =2
	  N_gap               =5
	  Use d_NCR_min       =0
	  Use d_NCR_max       =0
	CloseThinSlotsHeight         =0
	--END_OF_MESHER_SETTINGS-------
End of input mesh settings-------------------------
-----------------------------------------------------------------------
Memory Working Set Current = 25.44 Mb, Memory Working Set Peak = 25.44 Mb
Memory Private Bytes Current = 23.63 Mb, Memory Private Bytes Peak = 23.63 Mb
Process Threads Number: 18
-----------------------------------------------------------------------
MMP (msh): locals=1, allc_sz=0.44 MB, used_sz=0.38 MB, blks-min-max=12/12
MMP (brx): locals=10, allc_sz=0.51 MB, used_sz=0.37 MB, blks-min-max=1/5
MMP (bcf): locals=0, allc_sz=0.00 MB, used_sz=0.00 MB, blks-min-max=0/0
MMP (xsl): locals=0, allc_sz=0.00 MB, used_sz=0.00 MB, blks-min-max=0/0
NxNyNz = [6, 6, 84]
base_dx=0.0159485; 
NxNyNz_reverse = [6, 6, 87]

-----------------------------------------------------------------------
Refining geometries:
-----------------------------------------------------------------------

-----------------------------------------------------------------------
Refining by triangulation...
Refinement input: 3024 bricks
	Checking crit (3024 / 3024)...60 marked (0.004 s)
	Time(refinement): 0.000 s
Setting regions (480 / 3444)...OK (0.000 s)
	Checking crit (480 / 3444)...114 marked (0.001 s)
	Time(refinement): 0.000 s
Setting regions (1192 / 4487)...OK (0.000 s)
	Checking crit (1192 / 4487)...218 marked (0.003 s)
	Time(refinement): 0.000 s
Setting regions (2480 / 6657)...OK (0.000 s)
	Checking crit (2480 / 6657)...35 marked (0.002 s)
	Time(refinement): 0.000 s
Setting regions (664 / 7238)...OK (0.000 s)
	Checking crit (392 / 7238)...3 marked (0.001 s)
	Time(refinement): 0.000 s
Setting regions (32 / 7266)...OK (0.000 s)
	Checking crit (24 / 7266)...1 marked (0.002 s)
	Time(refinement): 0.000 s
Setting regions (8 / 7273)...OK (0.000 s)
	Checking crit (8 / 7273)...0 marked (0.001 s)
Refinement result (6 iterations): 7273 bricks (0.019 s)
Refinement input: 7273 bricks
	Checking crit (6993 / 7273)...0 marked (0.000 s)
Refinement result (0 iterations): 7273 bricks (0.001 s)
Collecting and processing rays:
	Adding rays...OK (0.001 s)
	new bricks = 7273 / 7273
	new rays   = 3639 (x=1345, y=1308, z=986)
	Processing rays...
		Rays process:  0.003 (0.003) s
		Sort xstacks:  0.000 (0.000) s
		Put xstacks:   0.001 (0.001) s
		Total:         0.004 s
	Correcting rays...
		Lame vertices: 0.001 (0.001) s
		Bad rays:      0.000 (0.000) s
		Emit rays:     0.000 (0.000) s
		Correct ray f: 0.000 (0.000) s
		Undef:         0.000 (0.000) s
		Sum:           0.001 (0.001) s
		Total:         0.001 s
	Time (rays): 0.006 s
Capturing (7273 / 7273)...OK (0.001 s)
Refining by triangulation takes 0.027 s
-----------------------------------------------------------------------

-----------------------------------------------------------------------
Refining peculiar surfaces...
Collecting and processing rays:
	Adding rays...OK (0.000 s)
	new bricks = 0 / 7273
	new rays   = 0 (x=0, y=0, z=0)
	Processing rays...
		Rays process:  0.000 (0.000) s
		Sort xstacks:  0.000 (0.000) s
		Put xstacks:   0.000 (0.000) s
		Total:         0.000 s
	Correcting rays...
		Total:         0.000 s
	Time (rays): 0.001 s
Capturing (0 / 7273)...OK (0.000 s)
0 surfaces refined
Refining peculiar surfaces takes 0.001 s
-----------------------------------------------------------------------

-----------------------------------------------------------------------
Base mesh 1 Refining...
Collecting and processing rays:
	Adding rays...OK (0.000 s)
	new bricks = 0 / 7273
	new rays   = 0 (x=0, y=0, z=0)
	Processing rays...
		Rays process:  0.000 (0.000) s
		Sort xstacks:  0.000 (0.000) s
		Put xstacks:   0.000 (0.000) s
		Total:         0.000 s
	Correcting rays...
		Total:         0.000 s
	Time (rays): 0.000 s
Capturing (0 / 7273)...OK (0.000 s)
Refinement input: 7273 bricks
	Checking crit (6993 / 7273)...0 marked (0.000 s)
Refinement result (0 iterations): 7273 bricks (0.000 s)
-----------------------------------------------------------------------
Refining channels...
FYI: CNarrowChannelRefiner::RefineChannels_PRLL
Refinement input: 7273 bricks
	Time(refinement): 0.000 s
Setting regions (1920 / 8953)...OK (0.000 s)
Refinement result (1 iterations): 8953 bricks (0.001 s)
Collecting and processing rays:
	Adding rays...OK (0.000 s)
	new bricks = 1920 / 8953
	new rays   = 805 (x=402, y=402, z=1)
	Processing rays...
		Rays process:  0.000 (0.000) s
		Sort xstacks:  0.000 (0.000) s
		Put xstacks:   0.000 (0.000) s
		Total:         0.001 s
	Correcting rays...
		Lame vertices: 0.000 (0.000) s
		Bad rays:      0.000 (0.000) s
		Emit rays:     0.000 (0.000) s
		Correct ray f: 0.000 (0.000) s
		Undef:         0.000 (0.000) s
		Sum:           0.000 (0.000) s
		Total:         0.000 s
	Time (rays): 0.002 s
Capturing (1920 / 8953)...OK (0.000 s)
FYI: m_iteration_count = 0
FYI: level1 statistics:
     level1_cnt_plus[1]=1920;		level1_cnt_minus[1]=0
     level1_cnt_plus[2]=0;		level1_cnt_minus[2]=0
     level1_cnt_plus[3]=0;		level1_cnt_minus[3]=0
     level1_cnt_plus[4]=0;		level1_cnt_minus[4]=0
     level1_cnt_plus[5]=0;		level1_cnt_minus[5]=0
     level1_cnt_plus[6]=0;		level1_cnt_minus[6]=0
     level1_cnt_plus[7]=0;		level1_cnt_minus[7]=0
     level1_cnt_plus[8]=0;		level1_cnt_minus[8]=0
     level1_cnt_plus[9]=0;		level1_cnt_minus[9]=0
FYI: m_iteration_count = 1
FYI: level1 statistics:
     level1_cnt_plus[1]=1920;		level1_cnt_minus[1]=0
     level1_cnt_plus[2]=0;		level1_cnt_minus[2]=0
     level1_cnt_plus[3]=0;		level1_cnt_minus[3]=0
     level1_cnt_plus[4]=0;		level1_cnt_minus[4]=0
     level1_cnt_plus[5]=0;		level1_cnt_minus[5]=0
     level1_cnt_plus[6]=0;		level1_cnt_minus[6]=0
     level1_cnt_plus[7]=0;		level1_cnt_minus[7]=0
     level1_cnt_plus[8]=0;		level1_cnt_minus[8]=0
     level1_cnt_plus[9]=0;		level1_cnt_minus[9]=0
Refinement input: 8953 bricks
	Time(refinement): 0.001 s
Setting regions (3840 / 12313)...OK (0.000 s)
Refinement result (1 iterations): 12313 bricks (0.002 s)
Collecting and processing rays:
	Adding rays...OK (0.000 s)
	new bricks = 3840 / 12313
	new rays   = 1672 (x=836, y=836, z=0)
	Processing rays...
		Rays process:  0.000 (0.000) s
		Sort xstacks:  0.000 (0.000) s
		Put xstacks:   0.000 (0.000) s
		Total:         0.001 s
	Correcting rays...
		Lame vertices: 0.000 (0.000) s
		Bad rays:      0.000 (0.000) s
		Emit rays:     0.000 (0.000) s
		Correct ray f: 0.000 (0.000) s
		Undef:         0.000 (0.000) s
		Sum:           0.000 (0.000) s
		Total:         0.001 s
	Time (rays): 0.003 s
Capturing (3840 / 12313)...OK (0.000 s)
FYI: m_iteration_count = 2
FYI: level1 statistics:
     level1_cnt_plus[1]=1584;		level1_cnt_minus[1]=0
     level1_cnt_plus[2]=3712;		level1_cnt_minus[2]=0
     level1_cnt_plus[3]=0;		level1_cnt_minus[3]=0
     level1_cnt_plus[4]=0;		level1_cnt_minus[4]=0
     level1_cnt_plus[5]=0;		level1_cnt_minus[5]=0
     level1_cnt_plus[6]=0;		level1_cnt_minus[6]=0
     level1_cnt_plus[7]=0;		level1_cnt_minus[7]=0
     level1_cnt_plus[8]=0;		level1_cnt_minus[8]=0
     level1_cnt_plus[9]=0;		level1_cnt_minus[9]=0
FYI: m_iteration_count = 3
FYI: level1 statistics:
     level1_cnt_plus[1]=1584;		level1_cnt_minus[1]=0
     level1_cnt_plus[2]=3712;		level1_cnt_minus[2]=0
     level1_cnt_plus[3]=0;		level1_cnt_minus[3]=0
     level1_cnt_plus[4]=0;		level1_cnt_minus[4]=0
     level1_cnt_plus[5]=0;		level1_cnt_minus[5]=0
     level1_cnt_plus[6]=0;		level1_cnt_minus[6]=0
     level1_cnt_plus[7]=0;		level1_cnt_minus[7]=0
     level1_cnt_plus[8]=0;		level1_cnt_minus[8]=0
     level1_cnt_plus[9]=0;		level1_cnt_minus[9]=0
FYI: level1 statistics:
     level1_cnt_plus[1]=1584;		level1_cnt_minus[1]=0
     level1_cnt_plus[2]=3712;		level1_cnt_minus[2]=0
     level1_cnt_plus[3]=0;		level1_cnt_minus[3]=0
     level1_cnt_plus[4]=0;		level1_cnt_minus[4]=0
     level1_cnt_plus[5]=0;		level1_cnt_minus[5]=0
     level1_cnt_plus[6]=0;		level1_cnt_minus[6]=0
     level1_cnt_plus[7]=0;		level1_cnt_minus[7]=0
     level1_cnt_plus[8]=0;		level1_cnt_minus[8]=0
     level1_cnt_plus[9]=0;		level1_cnt_minus[9]=0

-----------------------------------------------------------------------
U-shapes refinement...
Refinement input: 12313 bricks
	Checking crit (12033 / 12313)...4 marked (0.001 s)
	Time(refinement): 0.000 s
Setting regions (32 / 12341)...OK (0.000 s)
	Checking crit (0 / 12341)...0 marked (0.000 s)
Refinement result (1 iterations): 12341 bricks (0.002 s)
Collecting and processing rays:
	Adding rays...OK (0.000 s)
	new bricks = 32 / 12341
	new rays   = 11 (x=0, y=0, z=11)
	Processing rays...
		Rays process:  0.000 (0.000) s
		Sort xstacks:  0.000 (0.000) s
		Put xstacks:   0.000 (0.000) s
		Total:         0.000 s
	Correcting rays...
		Lame vertices: 0.000 (0.000) s
		Bad rays:      0.000 (0.000) s
		Emit rays:     0.000 (0.000) s
		Correct ray f: 0.000 (0.000) s
		Undef:         0.000 (0.000) s
		Sum:           0.000 (0.000) s
		Total:         0.000 s
	Time (rays): 0.001 s
Capturing (32 / 12341)...OK (0.000 s)
-----------------------------------------------------------------------

-----------------------------------------------------------------------
Equi Distant Refiner:
Equi Distant Refiner takes 0.00 s
-----------------------------------------------------------------------

/-Ray Intersection---------------/ Time	0.019 s
Calls                6127
CorrectRay Calls     0



-----------------------------------------------------------------------
Refining geometries takes 0.079 s
-----------------------------------------------------------------------
-----------------------------------------------------------------------
Memory Working Set Current = 37.89 Mb, Memory Working Set Peak = 43.98 Mb
Memory Private Bytes Current = 41.09 Mb, Memory Private Bytes Peak = 46.20 Mb
Process Threads Number: 18
-----------------------------------------------------------------------
Defect ray count	0
FYI: CNarrowChannelRefiner::RedistributeLevel1_step_1: is started
FYI: CNarrowChannelRefiner::RedistributeLevel1_step_1: is finished (0.000 s)
FYI: level1 statistics:
     level1_cnt_plus[1]=1488;		level1_cnt_minus[1]=0
     level1_cnt_plus[2]=3808;		level1_cnt_minus[2]=0
     level1_cnt_plus[3]=0;		level1_cnt_minus[3]=0
     level1_cnt_plus[4]=0;		level1_cnt_minus[4]=0
     level1_cnt_plus[5]=0;		level1_cnt_minus[5]=0
     level1_cnt_plus[6]=0;		level1_cnt_minus[6]=0
     level1_cnt_plus[7]=0;		level1_cnt_minus[7]=0
     level1_cnt_plus[8]=0;		level1_cnt_minus[8]=0
     level1_cnt_plus[9]=0;		level1_cnt_minus[9]=0
FYI: CNarrowChannelRefiner::RedistributeLevel1_step_2: is started
FYI: CNarrowChannelRefiner::RedistributeLevel1_step_2: is finished (0.011 s)
FYI: level1 statistics:
     level1_cnt_plus[1]=2541;		level1_cnt_minus[1]=0
     level1_cnt_plus[2]=3871;		level1_cnt_minus[2]=0
     level1_cnt_plus[3]=0;		level1_cnt_minus[3]=0
     level1_cnt_plus[4]=0;		level1_cnt_minus[4]=0
     level1_cnt_plus[5]=0;		level1_cnt_minus[5]=0
     level1_cnt_plus[6]=0;		level1_cnt_minus[6]=0
     level1_cnt_plus[7]=0;		level1_cnt_minus[7]=0
     level1_cnt_plus[8]=0;		level1_cnt_minus[8]=0
     level1_cnt_plus[9]=0;		level1_cnt_minus[9]=0
FYI: CNarrowChannelRefiner::RedistributeLevel1_step_3: is started
FYI: CNarrowChannelRefiner::RedistributeLevel1_step_3: is finished (0.001 s)
RedistributeLevel1 takes:
FYI: level1 statistics:
     level1_cnt_plus[1]=2541;		level1_cnt_minus[1]=20
     level1_cnt_plus[2]=3871;		level1_cnt_minus[2]=646
     level1_cnt_plus[3]=0;		level1_cnt_minus[3]=0
     level1_cnt_plus[4]=0;		level1_cnt_minus[4]=0
     level1_cnt_plus[5]=0;		level1_cnt_minus[5]=0
     level1_cnt_plus[6]=0;		level1_cnt_minus[6]=0
     level1_cnt_plus[7]=0;		level1_cnt_minus[7]=0
     level1_cnt_plus[8]=0;		level1_cnt_minus[8]=0
     level1_cnt_plus[9]=0;		level1_cnt_minus[9]=0
-----------------------------------------------------------------------
MSH format builder (Iteration 0)
-----------------------------------------------------------------------
Memory Working Set Current = 38.70 Mb, Memory Working Set Peak = 46.22 Mb
Memory Private Bytes Current = 41.63 Mb, Memory Private Bytes Peak = 48.46 Mb
Process Threads Number: 18
-----------------------------------------------------------------------
Total bricks count: 12341
-----------------------------------------------------------------------
MSH (Real Geometry) format constructor:
	Geom    Count = 2
	Bodyset Count = 2
	3D task
	Getting brick sets...OK (0.000 s)

	Min x-stack xeps = 1.52033e-05
	D / dh / eps [axis=0] = (0.094188, 0.000981125, 9.81125e-07)
	D / dh / eps [axis=1] = (0.094188, 0.000981125, 9.81125e-07)
	D / dh / eps [axis=2] = (1.38175, 0.00102809, 1.02809e-06)
	Time (xeps): 0.000 s
Level 4
	Set (0)  size: 156
	Set (0)  time: 0.002 s
	Set (1)  size: 156
	Set (1)  time: 0.001 s
Level 3
	Set (0)  size: 988
	Set (0)  time: 0.004 s
	Set (1)  size: 989
	Set (1)  time: 0.004 s
Level 2
	Set (0)  size: 2637
	Set (0)  time: 0.004 s
	Set (1)  size: 2631
	Set (1)  time: 0.004 s
Level 1
	Set (0)  size: 1054
	Set (0)  time: 0.001 s
	Set (1)  size: 1056
	Set (1)  time: 0.001 s
Level 0
	Set (0)  size: 1335
	Set (0)  time: 0.001 s
	Set (1)  size: 1339
	Set (1)  time: 0.001 s

	Spread npq bricks...4 marked (0.000 s)

Result:
	Bricks number:                        12341

	Memory usage:                         2.189 MB
	Memory usage (per brick):             0.182 KB
	Construction time:                    0.026 s

	Topology features:
	------------------
	- High quality bricks                  100.00 % (12341)
	- Medium quality bricks                  0.00 % (0)
	- Bad quality bricks                     0.00 % (0)
	- NPQ bricks                             0.07 % (9)
	- Type-1 bricks                         28.68 % (3540)
	- Ribs corrected bricks                  0.00 % (0)
	- Points with geom-info (bricks)         0.02 % (2)
	- Points with closest-info (bricks)      0.00 % (0)
	- Triangulated by center (bricks)        0.02 % (2)
	- Facet w-faces mergings (bricks)        0.00 % (0)
	- To refine (bricks)                     0.00 % (0)
	- Points-count                           0.00 % (0)
	- T-self-intersection-all (bricks)       0.00 % (0)
	- T-self-intersection-simple (bricks)    0.00 % (0)
	- T-self-intersection-complex (bricks)   0.00 % (0)
	- NPQ by reason 1 u-shape                0.00 % (0)
	- NPQ by reason 2 tri-by-ctr             0.02 % (2)
	- NPQ by reason 3 ray-correction         0.00 % (0)
	- NPQ by reason 4 t-self-intersection    0.00 % (0)
	- NPQ by reason 5 non-good               0.00 % (0)
	- NPQ by reason 6 npq-worker             0.00 % (0)

-----------------------------------------------------------------------
Memory Working Set Current = 45.55 Mb, Memory Working Set Peak = 46.22 Mb
Memory Private Bytes Current = 48.19 Mb, Memory Private Bytes Peak = 48.46 Mb
Process Threads Number: 18
-----------------------------------------------------------------------
-----------------------------------------------------------------------
msh-iterations: 1
-----------------------------------------------------------------------
high---q-brick-count = 100.00 % (12341 12341)
medium-q-brick-count =   0.00 % (12341 0)
bad----q-brick-count =   0.00 % (12341 0)
np-----q-brick-count =   0.11 % (12341 13)
-----------------------------------------------------------------------
Free brick parser storage...OK(0.001 s)
-----------------------------------------------------------------------
Memory Working Set Current = 43.96 Mb, Memory Working Set Peak = 46.22 Mb
Memory Private Bytes Current = 46.95 Mb, Memory Private Bytes Peak = 48.46 Mb
Process Threads Number: 18
-----------------------------------------------------------------------
-----------------------------------------------------------------------
MSH --> BCF format (Iteration 0)...
BCF collector...(remove mode=0)
	Time (alloc counter per brick): 0.000 s
	Brick    count: 12341
	Av.f all count: 4533
	Av.s all count: 11389
	Av.f pid count: 3559
	Av.s pid count: 3562
	Faces fs count: 5485
	Faces ff count: 0
	Faces ss count: 0
	Faces bb count: 0
	Faces fe count: 0
	Faces se count: 3312
	Faces fw count: 8797
	Faces af count: 12144
	Faces as count: 35374
	Time (all count): 	0.001 s
	Time (bcf alloc): 	0.001 s
	Time (shifts alloc): 	0.001 s
	Time (shifts init): 	0.001 s
	Time (bcf fill): 	0.002 s
	Time (add av to faces): 0.000 s
	Time (add faces to av): 0.001 s
Time (bcf collect): 		0.007 s
	AV checker...
		Hole marker...
			Subdomains:               1.
			Subdomains (cond):        1.
			Time (sd):      0.000 s.
			Time (sd_cond): 0.000 s.
			Time (potential-hole marking): 	0.000 s
			Time (hole checking): 0.000 s.
			0 av(s) are marked to fill subdomain holes.
		Time (hole marker): 0.001 s.
	Time (check av): 	0.003 s
	Subdomain checker...
		Subdomains construction time: 0.001 s.
		Subdomains sort time: 0.000 s.
			Subdomain 0 (geom_ind=0): 4533 av
			Subdomain 1 (geom_ind=1): 11389 av
		gi: 0, real bodies: 1
		gi: 0, subdomains:  1
		gi: 1, real bodies: 0
		gi: 1, subdomains:  1
		Defect subdomains: 0
	Time (check subdoms): 	0.001 s
Time (bcf iteration total): 	0.011 s
	Time (fw-nb): 		0.000 s
	Fixed mutual fw-nb:     2408 (bb: 0)
	Time (fw-nb mutual): 	0.000 s
	Time (fw-nb sort): 	0.000 s
	Fw-opt BEFORE total:    8797 (fs=5485, ff=0, ss=0)
	Fw-opt AFTER  total:    7646 (fs=4334, ff=0, ss=0, failed fw/br=1/0, big_curv=15, big_poly=0)
	Fw-opt RESULT:          1151 (res/(fs+ff+ss) = 20.98 %)
	Time (fw-opt): 		0.000 s
	Time (fw-re-order): 	0.001 s
	Time (fw-nb): 		0.001 s
	Fixed mutual fw-nb:     15987 (bb: 0)
	Time (fw-nb mutual): 	0.001 s
	Time (fw-nb sort): 	0.000 s
	Time (rfd fix): 	0.000 s
	Time (av convexity): 	0.001 s
	Time (av small volume): 0.000 s
	Time (diagonal fw-nb): 	0.003 s
	Fixed mutual fw-nb:     0 (bb: 0)
	Time (fw-nb mutual): 	0.000 s
	Time (fw-nb sort): 	0.000 s
	Fluid subdomains: 1
	Faces fw-nb diff sd:    0
	Time (fw-nb diff sd): 	0.000 s
Time (bcf calc): 		0.011 s
-----------------------------------------------------------------------
Time (bcf total): 		0.022 s
-----------------------------------------------------------------------
bcf-iterations: 1
-----------------------------------------------------------------------
-----------------------------------------------------------------------
Mega-cv constructor for fluid...
	 18 av's is treated as thin
Relative size generator (threshold = 0.05)...
	Iteration 1 (small cluster count = 109)
	Iteration 2 (small cluster count = 55)
	Iteration 3 (small cluster count = 20)
	Iteration 4 (small cluster count = 7)
	Iteration 5 (small cluster count = 0)
	 101 mega-cv's generated
	 10 mega-cv's removed
Relative size generator is completed OK (0.001 s)
Apply fa-rules to mega-cv clusters fixes...
	Fa-rule violation fixes:        7 of        7 (total cluster# =       96)
OK (0.001 s)
Convert clusters:
	 91 mega-cv's total
Mega-cv count: 91
Time (mega-cv fill): 	0.000 s
Time (mega-cv total): 	0.003 s
-----------------------------------------------------------------------
Mixing plane rotation regions: NO.
Sliding mesh rotation regions: NO.
Fluid/fluid faces: NO.
-----------------------------------------------------------------------
Memory Working Set Current = 51.49 Mb, Memory Working Set Peak = 51.50 Mb
Memory Private Bytes Current = 51.87 Mb, Memory Private Bytes Peak = 53.50 Mb
Process Threads Number: 18
-----------------------------------------------------------------------
----------------------------------------------------------
BCF --> BCF.GEOMSUBDOM (bridge arrays):
MESH (0):
	Fluid Subdom Constructor: 1 subdom(s).
	Solid Subdom Constructor: 1 subdom(s).
	Net Asm Subdom Constructor: 0 subdom(s).
	GEOMSUBDOM (0): gi=0 Fluid av=4533 cv=4417 fa=12144 fb=0 fw=4334 V=2.346412e-03
	Cache data...OK
	GEOMSUBDOM (1): gi=1 Solid av=11389 cv=11389 fa=35374 fb=0 fw=7646 V=9.911656e-03
	Cache data...OK
	Setting nb of w-faces...OK (0.001 s).
	Correcting nb of w-faces...
	Time(correct_fw_nb)=0.001 s

MESH (0) checking:
	GEOMSUBDOM (0):fa_s=0.4820013962146724 fb_s=0.0000000000000000 fw_s=0.1276357200141676 fw_nb=34044
	              :d_const(4257)=1.73502e-10 d_linear(3601)=4.38483e-10
	GEOMSUBDOM (1):fa_s=1.9668475140536961 fb_s=0.0000000000000000 fw_s=0.6659572083847844 fw_nb=47844
	              :d_const(9041)=1.73691e-10 d_linear(4117)=5.14129e-10
MESH (0) checking: OK.
Time (MDS): 	0.008 s
----------------------------------------------------------
-----------------------------------------------------------------------
Memory Working Set Current = 56.75 Mb, Memory Working Set Peak = 56.75 Mb
Memory Private Bytes Current = 57.30 Mb, Memory Private Bytes Peak = 57.30 Mb
Process Threads Number: 18
-----------------------------------------------------------------------

-----------------------------------------------------------------------
BCF CHECKSUM DATA (Mesh 0):

WARNING! 12 w-face(s) without RefFacesData.
BRICK |Level1| Sum:               11595
FACE_A Area Sum:   G.Fluid        0.4820013962146724
FACE_A Area Sum:   G.Solid        1.9668475140536961
FACE_W Area Sum:                  0.6659572083847844
FACE_W Nb   Sum:                  47844
FACE_W min curvatures sum:        -680479.52841187
FACE_W max curvatures sum:        264460.35801697
AV Max Disbalance(Const) :        1.73691e-10 (cid=8936, t={48, 48, 1006}, avid=13397, pid=1642)
AV Max Disbalance(Linear):        5.14129e-10 (cid=4241, t={36, 56, 499}, avid=8744, pid=744)
-----------------------------------------------------------------------


-----------------------------------------------------------------------
MESHER TOPOLOGY DATA:

BRICKS: Total                 12341
BRICKS: Fluid                 4514
BRICKS: Fluid Partial         3540
BRICKS: Type 1                3540
BRICKS: Max AV number         4

AV:     G.Total               15922
AV:     G.Fluid               4533
AV:     G.Solid               11389

AV:     G.Fluid Thin Profile    0.49 % (22)
AV:     G.Solid Thin Profile    0.16 % (18)

AV:     G.Fluid Thin For Mega   0.40 % (18)
AV:     G.Solid Thin For Mega   0.08 % (9)

AV:     G.Fluid Non-Convex      6.33 % (287)
AV:     G.Solid Non-Convex      8.07 % (919)

AV:     G.Fluid Non-Ess-Convex      2.91 % (132)
AV:     G.Solid Non-Ess-Convex      5.67 % (646)

FACE_A: G.Fluid          (af) 12144 (partially opened 7602)
FACE_A: G.Solid          (as) 35374 (partially opened 7600)

FACE_B: G.Total          (b)  0

FACE_W: G.Total                 7646        Brick/Bound
FACE_W: G.Fluid/Solid    (fs_g) 4334        0           
FACE_W: G.Fluid/Fluid    (ff_g) 0           0           
FACE_W: G.Solid/Solid    (ss_g) 0           0           
FACE_W: G.Fluid/Void     (fv_g) 0           0           
FACE_W: G.Fluid/External (fe_g) 0
FACE_W: G.Solid/External (se_g) 3312

AV/CV max fa count (on brick side):6
AV/CV max fw count:                6
AV/CV max fb count:                0
AV/CV max fw poly count:           11

MEMORY: Total                   5.472 MB
MEMORY: Per Brick               0.454 KB
-----------------------------------------------------------------------

-----------------------------------------------------------------------
Connectivities information:
	Number of conns: 0
-----------------------------------------------------------------------
	Time (gap size): 	0.002 s
-----------------------------------------------------------------------
Memory Working Set Current = 56.85 Mb, Memory Working Set Peak = 56.86 Mb
Memory Private Bytes Current = 57.38 Mb, Memory Private Bytes Peak = 57.38 Mb
Process Threads Number: 18
-----------------------------------------------------------------------
-----------------------------------------------------------------------
Calculating curvature and tolerance criteria...
Curvature: min=0 (cid=0) max=2.17836 (cid=4135)
Tolerance: min=0 (cid=0) max=0.00103892 (cid=4051)
Calculating curvature and tolerance criteria takes 0.008 s
-----------------------------------------------------------------------
MESH Build(FS) finished. Time=0.179 s
-----------------------------------------------------------------------
Current CPU = 0 sec

Nx=6
Ny=6
Nz=84
Max BRICK Level=4
Mesh Level=4
-----------------CModelBodies2MeshMapper::CollectData started -------------------------------
	Time (collect mesh base data): 0.001 s.
	Time (collect model bodies mapping): 0.000 s.
	Time (collect positive bodies mapping): 0.000 s.
	Time (collect fluid bodies mapping): 0.000 s.
-----------------CModelBodies2MeshMapper Report -------------------------------
FluidDomains 1 SolidDomains 1 VoidDomains 0 
Domains RefIndexes
----------------- -------------------------------
	ModelBodies
Total resolved Bodies 0 BodySets 0

--------------------------------------------------------------------------
	Positive geometry Bodies
Total resolved Bodies 1 BodySets 1
BodySet 0
	Bodies list:
			#0	Name: ;	ID: 0f8d96bc-81ed-45da-a0a7-e03d043f748f
	Domains list:mesh type	 (0, 1)		 0 


--------------------------------------------------------------------------
	Fluid regions
Total resolved Bodies 1 BodySets 1
BodySet 0	Material: Water; 
	Bodies list:
			#0	Name: ;	ID: 0f8d96bc-81ed-45da-a0a7-e03d043f748f
	Domains list:mesh type	 (0, 1)		 0 


--------------------------------------------------------------------------
Collect data takes...0.001 s
-----------------CModelBodies2MeshMapper::CollectData finished successfully-------------------
Saving initial mesh in: D:\Yandex\YandexDisk\Ro_Tech\4. Отдел ДУ\2. Конструкторская документация\Определение расхода\1\1.fld .
Storing results...
	Estimated CPT size=2.621 MB.
	Time (write bcf): 0.069 s
Storing results takes 0.075 s
-----------------------------------------------------------------------
Memory Working Set Current = 57.62 Mb, Memory Working Set Peak = 57.62 Mb
Memory Private Bytes Current = 57.79 Mb, Memory Private Bytes Peak = 57.79 Mb
Process Threads Number: 18
-----------------------------------------------------------------------
Cleaning memory...
-----------------------------------------------------------------------
Start to free mesher data...
MMP (msh): locals=12, allc_sz=1.99 MB, used_sz=1.68 MB, blks-min-max=4/13
MMP (brx): locals=12, allc_sz=5.54 MB, used_sz=4.98 MB, blks-min-max=10/11
MMP (bcf): locals=12, allc_sz=9.41 MB, used_sz=8.89 MB, blks-min-max=8/44
MMP (xsl): locals=12, allc_sz=0.82 MB, used_sz=0.67 MB, blks-min-max=3/4
Free xsl...            OK	Time=0.000 s
Free ray collector...  OK	Time=0.000 s
Free ray intersector...OK	Time=0.000 s
Free body sets...      OK	Time=0.000 s
Free Geometry DB takes 0.000 s
Free mesh conn...      OK	Time=0.000 s
Free geomsd...         OK	Time=0.000 s
Free mbricks...        OK	Time=0.000 s
Free hash info...      OK	Time=0.000 s
Free bricks-x...       OK	Time=0.000 s
Free bcf...            OK	Time=0.000 s
Free mesh h...         OK	Time=0.000 s
Free bricks arr..      OK	Time=0.000 s
Free bricks tree...    OK	Time=0.000 s
Free mesh pools...     OK	Time=0.002 s
Free bodies mapper...  OK	Time=0.000 s
Free geom crits...     OK	Time=0.000 s
Free cpt regions...    OK	Time=0.000 s
Free peculiar surfs... OK	Time=0.000 s
Free sw-geometries...  OK	Time=0.000 s
Total free mesher data time: 0.004 s
-----------------------------------------------------------------------
Copying... OK
CPT size=1.512 MB (1585047 bytes).
Mesh generation normally finished at	11.5.2024	22:48:34
Mesher CPU = 0 sec
Mesher is finished at	11.5.2024	22:48:34
-----------------------------------------------------------------------
Memory Working Set Current = 35.16 Mb, Memory Working Set Peak = 57.62 Mb
Memory Private Bytes Current = 33.68 Mb, Memory Private Bytes Peak = 57.80 Mb
Process Threads Number: 18
-----------------------------------------------------------------------
Algebra Pool      : mem_usage = 0.38 Mb, allocated count = 0
-----------------------------------------------------------------------
Memory Working Set Current = 34.83 Mb, Memory Working Set Peak = 57.62 Mb
Memory Private Bytes Current = 33.36 Mb, Memory Private Bytes Peak = 57.80 Mb
Process Threads Number: 18
Process Threads Number Peak: 18
-----------------------------------------------------------------------
Log ended at 11.05.2024	22:48:34
